<?xml version="1.0" encoding="UTF-8"?>
<testsuites tests="6" errors="4" skipped="1">
	<testsuite name="github.com/deepaucksharma/mcp-server-newrelic/tests/e2e/cmd/test-runner" tests="1" failures="0" errors="1" id="0" hostname="DESKTOP-DT6CF2J" time="0.000" timestamp="2025-06-21T18:07:18+05:30">
		<testcase name="[setup failed]" classname="github.com/deepaucksharma/mcp-server-newrelic/tests/e2e/cmd/test-runner" time="0.000">
			<error message="Build error"><![CDATA[tests/e2e/harness/assertions.go:13:2: no required module provides package github.com/PaesslerAG/jsonpath; to add it:
	go get github.com/PaesslerAG/jsonpath]]></error>
		</testcase>
	</testsuite>
	<testsuite name="github.com/deepaucksharma/mcp-server-newrelic/tests/e2e/harness" tests="1" failures="0" errors="1" id="1" hostname="DESKTOP-DT6CF2J" time="0.000" timestamp="2025-06-21T18:07:18+05:30">
		<testcase name="[setup failed]" classname="github.com/deepaucksharma/mcp-server-newrelic/tests/e2e/harness" time="0.000">
			<error message="Build error"><![CDATA[tests/e2e/harness/assertions.go:13:2: no required module provides package github.com/PaesslerAG/jsonpath; to add it:
	go get github.com/PaesslerAG/jsonpath]]></error>
		</testcase>
	</testsuite>
	<testsuite name="github.com/deepaucksharma/mcp-server-newrelic/tests/e2e" tests="2" failures="0" errors="0" id="2" hostname="DESKTOP-DT6CF2J" skipped="1" time="9.956" timestamp="2025-06-21T18:07:18+05:30">
		<testcase name="TestComposableTools" classname="github.com/deepaucksharma/mcp-server-newrelic/tests/e2e" time="9.950"></testcase>
		<testcase name="TestComposableTools/DiscoverThenCreateDashboard" classname="github.com/deepaucksharma/mcp-server-newrelic/tests/e2e" time="9.450">
			<skipped message="Skipped"><![CDATA[    protocol_test.go:592: No numeric attributes found]]></skipped>
		</testcase>
	</testsuite>
	<testsuite name="github.com/deepaucksharma/mcp-server-newrelic/tests/e2e/cmd/nr-reporter" tests="0" failures="0" errors="0" id="3" hostname="DESKTOP-DT6CF2J" time="0.000" timestamp="2025-06-21T18:07:18+05:30"></testsuite>
	<testsuite name="github.com/deepaucksharma/mcp-server-newrelic/tests/e2e/discovery" tests="1" failures="0" errors="1" id="4" hostname="DESKTOP-DT6CF2J" time="0.000" timestamp="2025-06-21T18:07:18+05:30">
		<testcase name="[build failed]" classname="github.com/deepaucksharma/mcp-server-newrelic/tests/e2e/discovery" time="0.000">
			<error message="Build error"><![CDATA[tests/e2e/discovery/event_types_test.go:30:11: s.client.Close undefined (type *framework.MCPTestClient has no field or method Close)
tests/e2e/discovery/event_types_test.go:48:26: invalid operation: cannot index result (variable of type interface{})
tests/e2e/discovery/event_types_test.go:73:12: s.client.StoreDiscovery undefined (type *framework.MCPTestClient has no field or method StoreDiscovery)
tests/e2e/discovery/event_types_test.go:77:30: cannot use result (variable of type interface{}) as map[string]interface{} value in argument to s.validateDiscoveryMetadata: need type assertion
tests/e2e/discovery/event_types_test.go:86:20: emptyClient.Close undefined (type *framework.MCPTestClient has no field or method Close)
tests/e2e/discovery/event_types_test.go:95:26: invalid operation: cannot index result (variable of type interface{})
tests/e2e/discovery/event_types_test.go:101:24: invalid operation: cannot index result (variable of type interface{})
tests/e2e/discovery/event_types_test.go:149:19: cannot use result (variable of type interface{}) as map[string]interface{} value in argument to tc.validate: need type assertion
tests/e2e/discovery/event_types_test.go:174:33: cannot use result (variable of type interface{}) as map[string]interface{} value in argument to s.getEventTypes: need type assertion
tests/e2e/discovery/event_types_test.go:204:32: cannot use result (variable of type interface{}) as map[string]interface{} value in argument to s.getEventTypes: need type assertion
tests/e2e/discovery/event_types_test.go:204:32: too many errors]]></error>
		</testcase>
	</testsuite>
	<testsuite name="github.com/deepaucksharma/mcp-server-newrelic/tests/e2e/framework" tests="0" failures="0" errors="0" id="5" hostname="DESKTOP-DT6CF2J" time="0.000" timestamp="2025-06-21T18:07:18+05:30"></testsuite>
	<testsuite name="github.com/deepaucksharma/mcp-server-newrelic/tests/e2e/workflows" tests="1" failures="0" errors="1" id="6" hostname="DESKTOP-DT6CF2J" time="0.000" timestamp="2025-06-21T18:07:18+05:30">
		<testcase name="[build failed]" classname="github.com/deepaucksharma/mcp-server-newrelic/tests/e2e/workflows" time="0.000">
			<error message="Build error"><![CDATA[tests/e2e/workflows/performance_investigation_test.go:27:11: s.client.Close undefined (type *framework.MCPTestClient has no field or method Close)
tests/e2e/workflows/performance_investigation_test.go:35:26: undefined: framework.WorkflowStep
tests/e2e/workflows/performance_investigation_test.go:120:26: s.client.ExecuteWorkflow undefined (type *framework.MCPTestClient has no field or method ExecuteWorkflow)
tests/e2e/workflows/performance_investigation_test.go:273:112: undefined: framework.WorkflowStep
tests/e2e/workflows/performance_investigation_test.go:301:86: undefined: framework.WorkflowResult
tests/e2e/workflows/performance_investigation_test.go:323:89: undefined: framework.WorkflowResult
tests/e2e/workflows/performance_investigation_test.go:349:87: undefined: framework.WorkflowResult
tests/e2e/workflows/performance_investigation_test.go:370:86: undefined: framework.WorkflowResult
tests/e2e/workflows/performance_investigation_test.go:395:87: undefined: framework.WorkflowResult
tests/e2e/workflows/performance_investigation_test.go:416:91: undefined: framework.WorkflowResult
tests/e2e/workflows/performance_investigation_test.go:120:26: too many errors]]></error>
		</testcase>
	</testsuite>
</testsuites>
