<?xml version="1.0" encoding="UTF-8"?>
<testsuites tests="9" errors="4">
	<testsuite name="github.com/deepaucksharma/mcp-server-newrelic/tests/e2e/cmd/test-runner" tests="1" failures="0" errors="1" id="0" hostname="DESKTOP-DT6CF2J" time="0.000" timestamp="2025-06-21T18:07:18+05:30">
		<testcase name="[setup failed]" classname="github.com/deepaucksharma/mcp-server-newrelic/tests/e2e/cmd/test-runner" time="0.000">
			<error message="Build error"><![CDATA[tests/e2e/harness/assertions.go:13:2: no required module provides package github.com/PaesslerAG/jsonpath; to add it:
	go get github.com/PaesslerAG/jsonpath]]></error>
		</testcase>
	</testsuite>
	<testsuite name="github.com/deepaucksharma/mcp-server-newrelic/tests/e2e/harness" tests="1" failures="0" errors="1" id="1" hostname="DESKTOP-DT6CF2J" time="0.000" timestamp="2025-06-21T18:07:18+05:30">
		<testcase name="[setup failed]" classname="github.com/deepaucksharma/mcp-server-newrelic/tests/e2e/harness" time="0.000">
			<error message="Build error"><![CDATA[tests/e2e/harness/assertions.go:13:2: no required module provides package github.com/PaesslerAG/jsonpath; to add it:
	go get github.com/PaesslerAG/jsonpath]]></error>
		</testcase>
	</testsuite>
	<testsuite name="github.com/deepaucksharma/mcp-server-newrelic/tests/e2e" tests="5" failures="0" errors="0" id="2" hostname="DESKTOP-DT6CF2J" time="36.276" timestamp="2025-06-21T18:07:18+05:30">
		<testcase name="TestDiscoveryChain" classname="github.com/deepaucksharma/mcp-server-newrelic/tests/e2e" time="14.260"></testcase>
		<testcase name="TestDiscoveryChain/DiscoverThenQuery" classname="github.com/deepaucksharma/mcp-server-newrelic/tests/e2e" time="13.760">
			<system-out><![CDATA[    protocol_test.go:231: Using event type: NrdbQuery (count: 0)
    protocol_test.go:254: Sample NrdbQuery event has 12 attributes
    protocol_test.go:256:   - timeWindowMinutes
    protocol_test.go:256:   - timestamp
    protocol_test.go:256:   - user
    protocol_test.go:256:   - productFeature
    protocol_test.go:256:   - query
    protocol_test.go:256:   - query.eventType
    protocol_test.go:256:   - source.userApiKeyId
    protocol_test.go:256:   - durationMs
    protocol_test.go:256:   - inspectedCount
    protocol_test.go:256:   - productCapabilityId
    protocol_test.go:256:   - source.name
    protocol_test.go:256:   - status
    protocol_test.go:284: discovery.explore_attributes returned 12 attributes for NrdbQuery
    protocol_test.go:293: Query executed successfully for NrdbQuery]]></system-out>
		</testcase>
		<testcase name="TestAdaptiveQueryBuilding" classname="github.com/deepaucksharma/mcp-server-newrelic/tests/e2e" time="22.010"></testcase>
		<testcase name="TestAdaptiveQueryBuilding/QueryBuilderWithDiscoveredSchema" classname="github.com/deepaucksharma/mcp-server-newrelic/tests/e2e" time="12.410">
			<system-out><![CDATA[    protocol_test.go:408: Built adaptive query: SELECT count(*) FROM Metric SINCE 1 hour ago UNTIL now LIMIT 100]]></system-out>
		</testcase>
		<testcase name="TestAdaptiveQueryBuilding/AnalysisWithDiscoveredMetrics" classname="github.com/deepaucksharma/mcp-server-newrelic/tests/e2e" time="9.100">
			<system-out><![CDATA[    protocol_test.go:465: Baseline analysis completed: map[avg:125.5 count:1000 max:<nil> metric:durationMs min:<nil> recommendations:[] stddev:<nil>]]]></system-out>
		</testcase>
	</testsuite>
	<testsuite name="github.com/deepaucksharma/mcp-server-newrelic/tests/e2e/cmd/nr-reporter" tests="0" failures="0" errors="0" id="3" hostname="DESKTOP-DT6CF2J" time="0.000" timestamp="2025-06-21T18:07:18+05:30"></testsuite>
	<testsuite name="github.com/deepaucksharma/mcp-server-newrelic/tests/e2e/discovery" tests="1" failures="0" errors="1" id="4" hostname="DESKTOP-DT6CF2J" time="0.000" timestamp="2025-06-21T18:07:18+05:30">
		<testcase name="[build failed]" classname="github.com/deepaucksharma/mcp-server-newrelic/tests/e2e/discovery" time="0.000">
			<error message="Build error"><![CDATA[tests/e2e/discovery/event_types_test.go:30:11: s.client.Close undefined (type *framework.MCPTestClient has no field or method Close)
tests/e2e/discovery/event_types_test.go:48:26: invalid operation: cannot index result (variable of type interface{})
tests/e2e/discovery/event_types_test.go:73:12: s.client.StoreDiscovery undefined (type *framework.MCPTestClient has no field or method StoreDiscovery)
tests/e2e/discovery/event_types_test.go:77:30: cannot use result (variable of type interface{}) as map[string]interface{} value in argument to s.validateDiscoveryMetadata: need type assertion
tests/e2e/discovery/event_types_test.go:86:20: emptyClient.Close undefined (type *framework.MCPTestClient has no field or method Close)
tests/e2e/discovery/event_types_test.go:95:26: invalid operation: cannot index result (variable of type interface{})
tests/e2e/discovery/event_types_test.go:101:24: invalid operation: cannot index result (variable of type interface{})
tests/e2e/discovery/event_types_test.go:149:19: cannot use result (variable of type interface{}) as map[string]interface{} value in argument to tc.validate: need type assertion
tests/e2e/discovery/event_types_test.go:174:33: cannot use result (variable of type interface{}) as map[string]interface{} value in argument to s.getEventTypes: need type assertion
tests/e2e/discovery/event_types_test.go:204:32: cannot use result (variable of type interface{}) as map[string]interface{} value in argument to s.getEventTypes: need type assertion
tests/e2e/discovery/event_types_test.go:204:32: too many errors]]></error>
		</testcase>
	</testsuite>
	<testsuite name="github.com/deepaucksharma/mcp-server-newrelic/tests/e2e/framework" tests="0" failures="0" errors="0" id="5" hostname="DESKTOP-DT6CF2J" time="0.000" timestamp="2025-06-21T18:07:18+05:30"></testsuite>
	<testsuite name="github.com/deepaucksharma/mcp-server-newrelic/tests/e2e/workflows" tests="1" failures="0" errors="1" id="6" hostname="DESKTOP-DT6CF2J" time="0.000" timestamp="2025-06-21T18:07:18+05:30">
		<testcase name="[build failed]" classname="github.com/deepaucksharma/mcp-server-newrelic/tests/e2e/workflows" time="0.000">
			<error message="Build error"><![CDATA[tests/e2e/workflows/performance_investigation_test.go:27:11: s.client.Close undefined (type *framework.MCPTestClient has no field or method Close)
tests/e2e/workflows/performance_investigation_test.go:35:26: undefined: framework.WorkflowStep
tests/e2e/workflows/performance_investigation_test.go:120:26: s.client.ExecuteWorkflow undefined (type *framework.MCPTestClient has no field or method ExecuteWorkflow)
tests/e2e/workflows/performance_investigation_test.go:273:112: undefined: framework.WorkflowStep
tests/e2e/workflows/performance_investigation_test.go:301:86: undefined: framework.WorkflowResult
tests/e2e/workflows/performance_investigation_test.go:323:89: undefined: framework.WorkflowResult
tests/e2e/workflows/performance_investigation_test.go:349:87: undefined: framework.WorkflowResult
tests/e2e/workflows/performance_investigation_test.go:370:86: undefined: framework.WorkflowResult
tests/e2e/workflows/performance_investigation_test.go:395:87: undefined: framework.WorkflowResult
tests/e2e/workflows/performance_investigation_test.go:416:91: undefined: framework.WorkflowResult
tests/e2e/workflows/performance_investigation_test.go:120:26: too many errors]]></error>
		</testcase>
	</testsuite>
</testsuites>
